2020-09-17 21:27:13,074 ----------------------------------------------------------------------------------------------------
2020-09-17 21:27:13,076 Model: "TextClassifier(
  (document_embeddings): DocumentRNNEmbeddings(
    (embeddings): StackedEmbeddings(
      (list_embedding_0): WordEmbeddings('en')
    )
    (word_reprojection_map): Linear(in_features=300, out_features=300, bias=True)
    (rnn): GRU(300, 256, batch_first=True)
    (dropout): Dropout(p=0.5, inplace=False)
  )
  (decoder): Linear(in_features=256, out_features=2, bias=True)
  (loss_function): CrossEntropyLoss()
  (beta): 1.0
  (weights): None
  (weight_tensor) None
)"
2020-09-17 21:27:13,076 ----------------------------------------------------------------------------------------------------
2020-09-17 21:27:13,078 Corpus: "Corpus: 422936 train + 52867 dev + 52868 test sentences"
2020-09-17 21:27:13,079 ----------------------------------------------------------------------------------------------------
2020-09-17 21:27:13,081 Parameters:
2020-09-17 21:27:13,081  - learning_rate: "0.1"
2020-09-17 21:27:13,082  - mini_batch_size: "32"
2020-09-17 21:27:13,084  - patience: "3"
2020-09-17 21:27:13,085  - anneal_factor: "0.5"
2020-09-17 21:27:13,086  - max_epochs: "30"
2020-09-17 21:27:13,087  - shuffle: "True"
2020-09-17 21:27:13,087  - train_with_dev: "False"
2020-09-17 21:27:13,089  - batch_growth_annealing: "False"
2020-09-17 21:27:13,090 ----------------------------------------------------------------------------------------------------
2020-09-17 21:27:13,090 Model training base path: "models\en.word_split_0.1_32"
2020-09-17 21:27:13,093 ----------------------------------------------------------------------------------------------------
2020-09-17 21:27:13,094 Device: cuda:0
2020-09-17 21:27:13,095 ----------------------------------------------------------------------------------------------------
2020-09-17 21:27:13,096 Embeddings storage mode: cpu
2020-09-17 21:27:13,098 ----------------------------------------------------------------------------------------------------
2020-09-17 21:28:44,065 epoch 1 - iter 1321/13217 - loss 0.02749483 - samples/sec: 983.40 - lr: 0.100000
2020-09-17 21:29:28,420 epoch 1 - iter 2642/13217 - loss 0.02243038 - samples/sec: 1027.57 - lr: 0.100000
2020-09-17 21:30:13,668 epoch 1 - iter 3963/13217 - loss 0.01833959 - samples/sec: 1040.18 - lr: 0.100000
2020-09-17 21:30:58,126 epoch 1 - iter 5284/13217 - loss 0.01478741 - samples/sec: 1040.63 - lr: 0.100000
2020-09-17 21:31:43,170 epoch 1 - iter 6605/13217 - loss 0.01231753 - samples/sec: 1054.21 - lr: 0.100000
2020-09-17 21:32:26,684 epoch 1 - iter 7926/13217 - loss 0.01053886 - samples/sec: 1067.22 - lr: 0.100000
2020-09-17 21:33:13,083 epoch 1 - iter 9247/13217 - loss 0.00927905 - samples/sec: 1024.75 - lr: 0.100000
2020-09-17 21:33:58,596 epoch 1 - iter 10568/13217 - loss 0.00834516 - samples/sec: 1022.44 - lr: 0.100000
2020-09-17 21:34:42,560 epoch 1 - iter 11889/13217 - loss 0.00759126 - samples/sec: 1030.51 - lr: 0.100000
2020-09-17 21:35:27,889 epoch 1 - iter 13210/13217 - loss 0.00700785 - samples/sec: 1045.66 - lr: 0.100000
2020-09-17 21:35:29,144 ----------------------------------------------------------------------------------------------------
2020-09-17 21:35:29,146 EPOCH 1 done: loss 0.0070 - lr 0.1000000
2020-09-17 21:37:20,745 DEV : loss 0.0009424208546988666 - score 0.9997
2020-09-17 21:37:31,036 BAD EPOCHS (no improvement): 0
2020-09-17 21:38:59,523 ----------------------------------------------------------------------------------------------------
2020-09-17 21:41:46,896 epoch 2 - iter 1321/13217 - loss 0.00199193 - samples/sec: 398.37 - lr: 0.100000
2020-09-17 21:42:38,658 epoch 2 - iter 2642/13217 - loss 0.00193292 - samples/sec: 890.71 - lr: 0.100000
2020-09-17 21:43:29,330 epoch 2 - iter 3963/13217 - loss 0.00173339 - samples/sec: 914.45 - lr: 0.100000
2020-09-17 21:44:15,314 epoch 2 - iter 5284/13217 - loss 0.00165898 - samples/sec: 1010.92 - lr: 0.100000
2020-09-17 21:45:00,741 epoch 2 - iter 6605/13217 - loss 0.00155553 - samples/sec: 1020.19 - lr: 0.100000
2020-09-17 21:45:44,788 epoch 2 - iter 7926/13217 - loss 0.00151862 - samples/sec: 1057.58 - lr: 0.100000
2020-09-17 21:46:29,563 epoch 2 - iter 9247/13217 - loss 0.00146917 - samples/sec: 1066.70 - lr: 0.100000
2020-09-17 21:47:11,926 epoch 2 - iter 10568/13217 - loss 0.00146954 - samples/sec: 1102.69 - lr: 0.100000
2020-09-17 21:47:54,454 epoch 2 - iter 11889/13217 - loss 0.00144656 - samples/sec: 1095.06 - lr: 0.100000
2020-09-17 21:48:36,464 epoch 2 - iter 13210/13217 - loss 0.00138725 - samples/sec: 1113.49 - lr: 0.100000
2020-09-17 21:48:37,624 ----------------------------------------------------------------------------------------------------
2020-09-17 21:48:37,625 EPOCH 2 done: loss 0.0014 - lr 0.1000000
2020-09-17 21:50:19,035 DEV : loss 0.0007725355098955333 - score 0.9998
2020-09-17 21:50:29,000 BAD EPOCHS (no improvement): 0
2020-09-17 21:51:28,569 ----------------------------------------------------------------------------------------------------
2020-09-17 21:53:10,221 epoch 3 - iter 1321/13217 - loss 0.00096874 - samples/sec: 861.80 - lr: 0.100000
2020-09-17 21:53:53,698 epoch 3 - iter 2642/13217 - loss 0.00087977 - samples/sec: 1072.30 - lr: 0.100000
2020-09-17 21:54:36,320 epoch 3 - iter 3963/13217 - loss 0.00096622 - samples/sec: 1095.03 - lr: 0.100000
2020-09-17 21:55:18,915 epoch 3 - iter 5284/13217 - loss 0.00087260 - samples/sec: 1094.18 - lr: 0.100000
2020-09-17 21:56:02,657 epoch 3 - iter 6605/13217 - loss 0.00091062 - samples/sec: 1063.38 - lr: 0.100000
2020-09-17 21:56:45,057 epoch 3 - iter 7926/13217 - loss 0.00108953 - samples/sec: 1101.72 - lr: 0.100000
2020-09-17 21:57:27,374 epoch 3 - iter 9247/13217 - loss 0.00107605 - samples/sec: 1105.00 - lr: 0.100000
2020-09-17 21:58:10,026 epoch 3 - iter 10568/13217 - loss 0.00104900 - samples/sec: 1095.87 - lr: 0.100000
2020-09-17 21:58:52,383 epoch 3 - iter 11889/13217 - loss 0.00107801 - samples/sec: 1100.63 - lr: 0.100000
2020-09-17 21:59:34,676 epoch 3 - iter 13210/13217 - loss 0.00104315 - samples/sec: 1102.81 - lr: 0.100000
2020-09-17 21:59:35,909 ----------------------------------------------------------------------------------------------------
2020-09-17 21:59:35,910 EPOCH 3 done: loss 0.0010 - lr 0.1000000
2020-09-17 22:01:19,820 DEV : loss 0.000515893567353487 - score 0.9998
2020-09-17 22:01:29,649 BAD EPOCHS (no improvement): 0
2020-09-17 22:01:50,409 ----------------------------------------------------------------------------------------------------
2020-09-17 22:03:14,045 epoch 4 - iter 1321/13217 - loss 0.00080507 - samples/sec: 1114.63 - lr: 0.100000
2020-09-17 22:03:57,032 epoch 4 - iter 2642/13217 - loss 0.00109913 - samples/sec: 1084.44 - lr: 0.100000
2020-09-17 22:04:39,431 epoch 4 - iter 3963/13217 - loss 0.00102957 - samples/sec: 1101.28 - lr: 0.100000
2020-09-17 22:05:22,614 epoch 4 - iter 5284/13217 - loss 0.00099505 - samples/sec: 1080.86 - lr: 0.100000
2020-09-17 22:06:05,321 epoch 4 - iter 6605/13217 - loss 0.00106298 - samples/sec: 1092.58 - lr: 0.100000
2020-09-17 22:06:49,106 epoch 4 - iter 7926/13217 - loss 0.00103351 - samples/sec: 1088.37 - lr: 0.100000
2020-09-17 22:07:32,399 epoch 4 - iter 9247/13217 - loss 0.00100500 - samples/sec: 1078.15 - lr: 0.100000
2020-09-17 22:08:15,130 epoch 4 - iter 10568/13217 - loss 0.00104720 - samples/sec: 1094.07 - lr: 0.100000
2020-09-17 22:08:57,271 epoch 4 - iter 11889/13217 - loss 0.00100514 - samples/sec: 1108.48 - lr: 0.100000
2020-09-17 22:09:39,276 epoch 4 - iter 13210/13217 - loss 0.00101502 - samples/sec: 1084.70 - lr: 0.100000
2020-09-17 22:09:40,476 ----------------------------------------------------------------------------------------------------
2020-09-17 22:09:40,496 EPOCH 4 done: loss 0.0010 - lr 0.1000000
2020-09-17 22:11:22,182 DEV : loss 0.0013346497435122728 - score 0.9997
2020-09-17 22:11:31,547 BAD EPOCHS (no improvement): 1
2020-09-17 22:11:31,549 ----------------------------------------------------------------------------------------------------
2020-09-17 22:12:54,828 epoch 5 - iter 1321/13217 - loss 0.00062756 - samples/sec: 1103.59 - lr: 0.100000
2020-09-17 22:13:38,130 epoch 5 - iter 2642/13217 - loss 0.00075971 - samples/sec: 1074.83 - lr: 0.100000
2020-09-17 22:14:20,329 epoch 5 - iter 3963/13217 - loss 0.00091977 - samples/sec: 1103.07 - lr: 0.100000
2020-09-17 22:15:03,194 epoch 5 - iter 5284/13217 - loss 0.00095851 - samples/sec: 1085.33 - lr: 0.100000
2020-09-17 22:15:46,222 epoch 5 - iter 6605/13217 - loss 0.00097530 - samples/sec: 1086.41 - lr: 0.100000
2020-09-17 22:16:28,123 epoch 5 - iter 7926/13217 - loss 0.00095412 - samples/sec: 1110.44 - lr: 0.100000
2020-09-17 22:17:10,307 epoch 5 - iter 9247/13217 - loss 0.00099935 - samples/sec: 1104.07 - lr: 0.100000
2020-09-17 22:17:52,639 epoch 5 - iter 10568/13217 - loss 0.00103127 - samples/sec: 1099.68 - lr: 0.100000
2020-09-17 22:18:34,395 epoch 5 - iter 11889/13217 - loss 0.00100628 - samples/sec: 1114.95 - lr: 0.100000
2020-09-17 22:19:16,582 epoch 5 - iter 13210/13217 - loss 0.00099259 - samples/sec: 1104.27 - lr: 0.100000
2020-09-17 22:19:18,089 ----------------------------------------------------------------------------------------------------
2020-09-17 22:19:18,090 EPOCH 5 done: loss 0.0010 - lr 0.1000000
2020-09-17 22:21:03,462 DEV : loss 0.0005379541544243693 - score 0.9998
2020-09-17 22:21:13,394 BAD EPOCHS (no improvement): 2
2020-09-17 22:21:13,395 ----------------------------------------------------------------------------------------------------
2020-09-17 22:22:39,931 epoch 6 - iter 1321/13217 - loss 0.00175980 - samples/sec: 1070.65 - lr: 0.100000
2020-09-17 22:23:24,830 epoch 6 - iter 2642/13217 - loss 0.00128146 - samples/sec: 1046.75 - lr: 0.100000
2020-09-17 22:24:09,527 epoch 6 - iter 3963/13217 - loss 0.00104917 - samples/sec: 1053.57 - lr: 0.100000
2020-09-17 22:24:52,115 epoch 6 - iter 5284/13217 - loss 0.00102266 - samples/sec: 1081.82 - lr: 0.100000
2020-09-17 22:25:35,776 epoch 6 - iter 6605/13217 - loss 0.00103956 - samples/sec: 1057.63 - lr: 0.100000
2020-09-17 22:26:21,057 epoch 6 - iter 7926/13217 - loss 0.00099516 - samples/sec: 1042.80 - lr: 0.100000
2020-09-17 22:27:04,223 epoch 6 - iter 9247/13217 - loss 0.00106780 - samples/sec: 1042.44 - lr: 0.100000
2020-09-17 22:27:50,444 epoch 6 - iter 10568/13217 - loss 0.00105846 - samples/sec: 994.88 - lr: 0.100000
2020-09-17 22:28:33,582 epoch 6 - iter 11889/13217 - loss 0.00111116 - samples/sec: 1069.00 - lr: 0.100000
2020-09-17 22:29:16,301 epoch 6 - iter 13210/13217 - loss 0.00105933 - samples/sec: 1079.79 - lr: 0.100000
2020-09-17 22:29:17,606 ----------------------------------------------------------------------------------------------------
2020-09-17 22:29:17,608 EPOCH 6 done: loss 0.0011 - lr 0.1000000
2020-09-17 22:31:09,847 DEV : loss 0.000892516050953418 - score 0.9998
2020-09-17 22:31:20,384 BAD EPOCHS (no improvement): 3
2020-09-17 22:31:20,385 ----------------------------------------------------------------------------------------------------
2020-09-17 22:32:47,053 epoch 7 - iter 1321/13217 - loss 0.00114820 - samples/sec: 1036.53 - lr: 0.100000
2020-09-17 22:33:33,565 epoch 7 - iter 2642/13217 - loss 0.00131240 - samples/sec: 1004.34 - lr: 0.100000
2020-09-17 22:34:18,649 epoch 7 - iter 3963/13217 - loss 0.00109407 - samples/sec: 1016.19 - lr: 0.100000
2020-09-17 22:35:02,849 epoch 7 - iter 5284/13217 - loss 0.00097479 - samples/sec: 1039.22 - lr: 0.100000
2020-09-17 22:35:48,071 epoch 7 - iter 6605/13217 - loss 0.00100282 - samples/sec: 1013.77 - lr: 0.100000
2020-09-17 22:36:32,863 epoch 7 - iter 7926/13217 - loss 0.00098928 - samples/sec: 1048.48 - lr: 0.100000
2020-09-17 22:37:16,852 epoch 7 - iter 9247/13217 - loss 0.00096584 - samples/sec: 1019.59 - lr: 0.100000
2020-09-17 22:38:01,399 epoch 7 - iter 10568/13217 - loss 0.00088957 - samples/sec: 1057.19 - lr: 0.100000
2020-09-17 22:38:44,205 epoch 7 - iter 11889/13217 - loss 0.00087897 - samples/sec: 1097.60 - lr: 0.100000
2020-09-17 22:39:31,541 epoch 7 - iter 13210/13217 - loss 0.00086255 - samples/sec: 969.12 - lr: 0.100000
2020-09-17 22:39:32,941 ----------------------------------------------------------------------------------------------------
2020-09-17 22:39:32,943 EPOCH 7 done: loss 0.0009 - lr 0.1000000
2020-09-17 22:41:48,341 DEV : loss 0.0008064075373113155 - score 0.9998
2020-09-17 22:41:59,136 BAD EPOCHS (no improvement): 4
2020-09-17 22:41:59,137 ----------------------------------------------------------------------------------------------------
2020-09-17 22:43:30,728 epoch 8 - iter 1321/13217 - loss 0.00062236 - samples/sec: 1011.96 - lr: 0.050000
2020-09-17 22:44:16,122 epoch 8 - iter 2642/13217 - loss 0.00059675 - samples/sec: 1005.54 - lr: 0.050000
2020-09-17 22:45:02,065 epoch 8 - iter 3963/13217 - loss 0.00060280 - samples/sec: 1002.83 - lr: 0.050000
2020-09-17 22:45:48,922 epoch 8 - iter 5284/13217 - loss 0.00073052 - samples/sec: 986.79 - lr: 0.050000
2020-09-17 22:46:36,123 epoch 8 - iter 6605/13217 - loss 0.00084951 - samples/sec: 1000.21 - lr: 0.050000
2020-09-17 22:47:26,739 epoch 8 - iter 7926/13217 - loss 0.00082870 - samples/sec: 914.78 - lr: 0.050000
2020-09-17 22:48:12,400 epoch 8 - iter 9247/13217 - loss 0.00080816 - samples/sec: 1011.96 - lr: 0.050000
2020-09-17 22:49:01,164 epoch 8 - iter 10568/13217 - loss 0.00082938 - samples/sec: 945.46 - lr: 0.050000
2020-09-17 22:49:48,386 epoch 8 - iter 11889/13217 - loss 0.00084065 - samples/sec: 978.20 - lr: 0.050000
2020-09-17 22:50:34,986 epoch 8 - iter 13210/13217 - loss 0.00080793 - samples/sec: 991.85 - lr: 0.050000
2020-09-17 22:50:36,130 ----------------------------------------------------------------------------------------------------
2020-09-17 22:50:36,132 EPOCH 8 done: loss 0.0008 - lr 0.0500000
2020-09-17 22:52:27,110 DEV : loss 0.0005345970275811851 - score 0.9998
2020-09-17 22:52:36,952 BAD EPOCHS (no improvement): 1
2020-09-17 22:52:36,953 ----------------------------------------------------------------------------------------------------
2020-09-17 22:54:05,502 epoch 9 - iter 1321/13217 - loss 0.00071195 - samples/sec: 1017.12 - lr: 0.050000
2020-09-17 22:54:50,926 epoch 9 - iter 2642/13217 - loss 0.00064299 - samples/sec: 1041.63 - lr: 0.050000
2020-09-17 22:55:33,705 epoch 9 - iter 3963/13217 - loss 0.00069158 - samples/sec: 1084.08 - lr: 0.050000
2020-09-17 22:56:18,589 epoch 9 - iter 5284/13217 - loss 0.00070995 - samples/sec: 1031.23 - lr: 0.050000
2020-09-17 22:57:01,354 epoch 9 - iter 6605/13217 - loss 0.00068931 - samples/sec: 1082.05 - lr: 0.050000
2020-09-17 22:57:48,414 epoch 9 - iter 7926/13217 - loss 0.00071717 - samples/sec: 1004.75 - lr: 0.050000
2020-09-17 22:58:35,578 epoch 9 - iter 9247/13217 - loss 0.00068423 - samples/sec: 984.61 - lr: 0.050000
2020-09-17 22:59:18,940 epoch 9 - iter 10568/13217 - loss 0.00068221 - samples/sec: 1066.66 - lr: 0.050000
2020-09-17 23:00:04,861 epoch 9 - iter 11889/13217 - loss 0.00071908 - samples/sec: 1005.66 - lr: 0.050000
2020-09-17 23:00:50,641 epoch 9 - iter 13210/13217 - loss 0.00073145 - samples/sec: 1010.13 - lr: 0.050000
2020-09-17 23:00:51,780 ----------------------------------------------------------------------------------------------------
2020-09-17 23:00:51,781 EPOCH 9 done: loss 0.0007 - lr 0.0500000
2020-09-17 23:02:37,250 DEV : loss 0.0005398467765189707 - score 0.9998
2020-09-17 23:02:47,407 BAD EPOCHS (no improvement): 2
2020-09-17 23:02:47,409 ----------------------------------------------------------------------------------------------------
2020-09-17 23:04:15,315 epoch 10 - iter 1321/13217 - loss 0.00062731 - samples/sec: 1010.56 - lr: 0.050000
2020-09-17 23:04:59,841 epoch 10 - iter 2642/13217 - loss 0.00054062 - samples/sec: 1029.96 - lr: 0.050000
2020-09-17 23:05:43,718 epoch 10 - iter 3963/13217 - loss 0.00056302 - samples/sec: 1049.17 - lr: 0.050000
2020-09-17 23:06:29,156 epoch 10 - iter 5284/13217 - loss 0.00053000 - samples/sec: 1034.33 - lr: 0.050000
2020-09-17 23:07:14,013 epoch 10 - iter 6605/13217 - loss 0.00051255 - samples/sec: 1023.16 - lr: 0.050000
2020-09-17 23:07:57,890 epoch 10 - iter 7926/13217 - loss 0.00057478 - samples/sec: 1050.42 - lr: 0.050000
2020-09-17 23:08:42,381 epoch 10 - iter 9247/13217 - loss 0.00058789 - samples/sec: 1060.00 - lr: 0.050000
2020-09-17 23:09:29,604 epoch 10 - iter 10568/13217 - loss 0.00068931 - samples/sec: 996.91 - lr: 0.050000
2020-09-17 23:10:13,025 epoch 10 - iter 11889/13217 - loss 0.00069817 - samples/sec: 1060.66 - lr: 0.050000
2020-09-17 23:10:54,865 epoch 10 - iter 13210/13217 - loss 0.00070031 - samples/sec: 1107.11 - lr: 0.050000
2020-09-17 23:10:56,346 ----------------------------------------------------------------------------------------------------
2020-09-17 23:10:56,348 EPOCH 10 done: loss 0.0007 - lr 0.0500000
2020-09-17 23:12:37,809 DEV : loss 0.0004569814773276448 - score 0.9998
2020-09-17 23:12:48,056 BAD EPOCHS (no improvement): 0
2020-09-17 23:13:36,712 ----------------------------------------------------------------------------------------------------
2020-09-17 23:15:19,223 epoch 11 - iter 1321/13217 - loss 0.00104728 - samples/sec: 808.25 - lr: 0.050000
2020-09-17 23:16:02,256 epoch 11 - iter 2642/13217 - loss 0.00090430 - samples/sec: 1052.94 - lr: 0.050000
2020-09-17 23:16:44,175 epoch 11 - iter 3963/13217 - loss 0.00088196 - samples/sec: 1109.74 - lr: 0.050000
2020-09-17 23:17:26,454 epoch 11 - iter 5284/13217 - loss 0.00077961 - samples/sec: 1101.63 - lr: 0.050000
2020-09-17 23:18:08,392 epoch 11 - iter 6605/13217 - loss 0.00077794 - samples/sec: 1107.68 - lr: 0.050000
2020-09-17 23:18:50,254 epoch 11 - iter 7926/13217 - loss 0.00077593 - samples/sec: 1109.59 - lr: 0.050000
2020-09-17 23:19:31,914 epoch 11 - iter 9247/13217 - loss 0.00077653 - samples/sec: 1116.32 - lr: 0.050000
2020-09-17 23:20:13,673 epoch 11 - iter 10568/13217 - loss 0.00071789 - samples/sec: 1117.21 - lr: 0.050000
2020-09-17 23:20:55,315 epoch 11 - iter 11889/13217 - loss 0.00071327 - samples/sec: 1118.07 - lr: 0.050000
2020-09-17 23:21:37,415 epoch 11 - iter 13210/13217 - loss 0.00071910 - samples/sec: 1104.69 - lr: 0.050000
2020-09-17 23:21:38,670 ----------------------------------------------------------------------------------------------------
2020-09-17 23:21:38,671 EPOCH 11 done: loss 0.0007 - lr 0.0500000
2020-09-17 23:23:22,360 DEV : loss 0.0005163941532373428 - score 0.9998
2020-09-17 23:23:31,783 BAD EPOCHS (no improvement): 1
2020-09-17 23:23:31,857 ----------------------------------------------------------------------------------------------------
2020-09-17 23:24:54,457 epoch 12 - iter 1321/13217 - loss 0.00058690 - samples/sec: 1104.99 - lr: 0.050000
2020-09-17 23:25:37,450 epoch 12 - iter 2642/13217 - loss 0.00073232 - samples/sec: 1066.05 - lr: 0.050000
2020-09-17 23:26:18,413 epoch 12 - iter 3963/13217 - loss 0.00078745 - samples/sec: 1124.25 - lr: 0.050000
2020-09-17 23:27:00,223 epoch 12 - iter 5284/13217 - loss 0.00082269 - samples/sec: 1098.02 - lr: 0.050000
2020-09-17 23:27:41,221 epoch 12 - iter 6605/13217 - loss 0.00080245 - samples/sec: 1096.04 - lr: 0.050000
2020-09-17 23:28:22,265 epoch 12 - iter 7926/13217 - loss 0.00083855 - samples/sec: 1121.78 - lr: 0.050000
2020-09-17 23:29:04,358 epoch 12 - iter 9247/13217 - loss 0.00081311 - samples/sec: 1119.61 - lr: 0.050000
2020-09-17 23:29:45,460 epoch 12 - iter 10568/13217 - loss 0.00078404 - samples/sec: 1122.95 - lr: 0.050000
2020-09-17 23:30:27,504 epoch 12 - iter 11889/13217 - loss 0.00075962 - samples/sec: 1119.37 - lr: 0.050000
2020-09-17 23:31:08,363 epoch 12 - iter 13210/13217 - loss 0.00074903 - samples/sec: 1126.96 - lr: 0.050000
2020-09-17 23:31:09,495 ----------------------------------------------------------------------------------------------------
2020-09-17 23:31:09,496 EPOCH 12 done: loss 0.0007 - lr 0.0500000
2020-09-17 23:32:48,851 DEV : loss 0.000496959313750267 - score 0.9998
2020-09-17 23:32:58,229 BAD EPOCHS (no improvement): 2
2020-09-17 23:32:58,231 ----------------------------------------------------------------------------------------------------
2020-09-17 23:34:18,540 epoch 13 - iter 1321/13217 - loss 0.00092109 - samples/sec: 1116.12 - lr: 0.050000
2020-09-17 23:34:59,808 epoch 13 - iter 2642/13217 - loss 0.00074178 - samples/sec: 1120.27 - lr: 0.050000
2020-09-17 23:35:41,316 epoch 13 - iter 3963/13217 - loss 0.00079842 - samples/sec: 1110.44 - lr: 0.050000
2020-09-17 23:36:22,568 epoch 13 - iter 5284/13217 - loss 0.00080866 - samples/sec: 1121.36 - lr: 0.050000
2020-09-17 23:37:04,615 epoch 13 - iter 6605/13217 - loss 0.00082617 - samples/sec: 1123.77 - lr: 0.050000
2020-09-17 23:37:45,712 epoch 13 - iter 7926/13217 - loss 0.00082122 - samples/sec: 1125.93 - lr: 0.050000
2020-09-17 23:38:26,976 epoch 13 - iter 9247/13217 - loss 0.00087026 - samples/sec: 1125.61 - lr: 0.050000
2020-09-17 23:39:08,156 epoch 13 - iter 10568/13217 - loss 0.00081592 - samples/sec: 1123.34 - lr: 0.050000
2020-09-17 23:39:49,401 epoch 13 - iter 11889/13217 - loss 0.00079744 - samples/sec: 1126.80 - lr: 0.050000
2020-09-17 23:40:30,874 epoch 13 - iter 13210/13217 - loss 0.00078226 - samples/sec: 1116.87 - lr: 0.050000
2020-09-17 23:40:32,096 ----------------------------------------------------------------------------------------------------
2020-09-17 23:40:32,097 EPOCH 13 done: loss 0.0008 - lr 0.0500000
2020-09-17 23:42:11,240 DEV : loss 0.0004584364651236683 - score 0.9998
2020-09-17 23:42:20,532 BAD EPOCHS (no improvement): 3
2020-09-17 23:42:20,534 ----------------------------------------------------------------------------------------------------
2020-09-17 23:43:40,501 epoch 14 - iter 1321/13217 - loss 0.00053675 - samples/sec: 1126.42 - lr: 0.050000
2020-09-17 23:44:21,457 epoch 14 - iter 2642/13217 - loss 0.00060776 - samples/sec: 1125.60 - lr: 0.050000
2020-09-17 23:45:03,966 epoch 14 - iter 3963/13217 - loss 0.00061385 - samples/sec: 1111.71 - lr: 0.050000
2020-09-17 23:45:45,387 epoch 14 - iter 5284/13217 - loss 0.00057113 - samples/sec: 1088.11 - lr: 0.050000
2020-09-17 23:46:26,819 epoch 14 - iter 6605/13217 - loss 0.00069374 - samples/sec: 1113.34 - lr: 0.050000
2020-09-17 23:47:08,505 epoch 14 - iter 7926/13217 - loss 0.00071601 - samples/sec: 1133.57 - lr: 0.050000
2020-09-17 23:47:49,406 epoch 14 - iter 9247/13217 - loss 0.00068669 - samples/sec: 1129.93 - lr: 0.050000
2020-09-17 23:48:30,567 epoch 14 - iter 10568/13217 - loss 0.00066670 - samples/sec: 1121.66 - lr: 0.050000
2020-09-17 23:49:12,498 epoch 14 - iter 11889/13217 - loss 0.00071801 - samples/sec: 1123.23 - lr: 0.050000
2020-09-17 23:49:53,662 epoch 14 - iter 13210/13217 - loss 0.00069615 - samples/sec: 1093.79 - lr: 0.050000
2020-09-17 23:49:55,215 ----------------------------------------------------------------------------------------------------
2020-09-17 23:49:55,217 EPOCH 14 done: loss 0.0007 - lr 0.0500000
2020-09-17 23:51:33,860 DEV : loss 0.00045535029494203627 - score 0.9998
2020-09-17 23:51:43,216 BAD EPOCHS (no improvement): 0
2020-09-17 23:52:13,877 ----------------------------------------------------------------------------------------------------
2020-09-17 23:53:39,381 epoch 15 - iter 1321/13217 - loss 0.00081524 - samples/sec: 1125.90 - lr: 0.050000
2020-09-17 23:54:20,857 epoch 15 - iter 2642/13217 - loss 0.00081375 - samples/sec: 1134.39 - lr: 0.050000
2020-09-17 23:55:01,944 epoch 15 - iter 3963/13217 - loss 0.00074301 - samples/sec: 1123.38 - lr: 0.050000
2020-09-17 23:55:42,761 epoch 15 - iter 5284/13217 - loss 0.00070735 - samples/sec: 1129.88 - lr: 0.050000
2020-09-17 23:56:24,484 epoch 15 - iter 6605/13217 - loss 0.00071017 - samples/sec: 1131.26 - lr: 0.050000
2020-09-17 23:57:05,452 epoch 15 - iter 7926/13217 - loss 0.00067085 - samples/sec: 1125.74 - lr: 0.050000
2020-09-17 23:57:47,030 epoch 15 - iter 9247/13217 - loss 0.00070789 - samples/sec: 1131.30 - lr: 0.050000
2020-09-17 23:58:27,782 epoch 15 - iter 10568/13217 - loss 0.00070416 - samples/sec: 1131.28 - lr: 0.050000
2020-09-17 23:59:08,457 epoch 15 - iter 11889/13217 - loss 0.00068933 - samples/sec: 1132.36 - lr: 0.050000
2020-09-17 23:59:50,424 epoch 15 - iter 13210/13217 - loss 0.00065182 - samples/sec: 1122.44 - lr: 0.050000
2020-09-17 23:59:51,670 ----------------------------------------------------------------------------------------------------
2020-09-17 23:59:51,672 EPOCH 15 done: loss 0.0007 - lr 0.0500000
2020-09-18 00:01:34,291 DEV : loss 0.0006950036040507257 - score 0.9998
2020-09-18 00:01:44,060 BAD EPOCHS (no improvement): 1
2020-09-18 00:01:44,129 ----------------------------------------------------------------------------------------------------
2020-09-18 00:03:06,628 epoch 16 - iter 1321/13217 - loss 0.00054618 - samples/sec: 1113.32 - lr: 0.050000
2020-09-18 00:03:48,159 epoch 16 - iter 2642/13217 - loss 0.00048265 - samples/sec: 1093.09 - lr: 0.050000
2020-09-18 00:04:29,906 epoch 16 - iter 3963/13217 - loss 0.00046876 - samples/sec: 1116.56 - lr: 0.050000
2020-09-18 00:05:11,642 epoch 16 - iter 5284/13217 - loss 0.00048654 - samples/sec: 1114.03 - lr: 0.050000
2020-09-18 00:05:53,121 epoch 16 - iter 6605/13217 - loss 0.00046446 - samples/sec: 1096.79 - lr: 0.050000
2020-09-18 00:06:33,798 epoch 16 - iter 7926/13217 - loss 0.00056249 - samples/sec: 1118.52 - lr: 0.050000
2020-09-18 00:07:15,206 epoch 16 - iter 9247/13217 - loss 0.00063623 - samples/sec: 1097.11 - lr: 0.050000
2020-09-18 00:07:56,748 epoch 16 - iter 10568/13217 - loss 0.00067024 - samples/sec: 1122.61 - lr: 0.050000
2020-09-18 00:08:38,385 epoch 16 - iter 11889/13217 - loss 0.00066958 - samples/sec: 1121.44 - lr: 0.050000
2020-09-18 00:09:19,693 epoch 16 - iter 13210/13217 - loss 0.00069373 - samples/sec: 1101.83 - lr: 0.050000
2020-09-18 00:09:20,758 ----------------------------------------------------------------------------------------------------
2020-09-18 00:09:20,760 EPOCH 16 done: loss 0.0007 - lr 0.0500000
2020-09-18 00:10:58,935 DEV : loss 0.000414311361964792 - score 0.9998
2020-09-18 00:11:08,267 BAD EPOCHS (no improvement): 0
2020-09-18 00:11:30,961 ----------------------------------------------------------------------------------------------------
2020-09-18 00:12:54,605 epoch 17 - iter 1321/13217 - loss 0.00069737 - samples/sec: 1107.25 - lr: 0.050000
2020-09-18 00:13:36,053 epoch 17 - iter 2642/13217 - loss 0.00081176 - samples/sec: 1124.29 - lr: 0.050000
2020-09-18 00:14:17,914 epoch 17 - iter 3963/13217 - loss 0.00071901 - samples/sec: 1091.52 - lr: 0.050000
2020-09-18 00:14:58,882 epoch 17 - iter 5284/13217 - loss 0.00069263 - samples/sec: 1089.86 - lr: 0.050000
2020-09-18 00:15:40,944 epoch 17 - iter 6605/13217 - loss 0.00061132 - samples/sec: 1115.23 - lr: 0.050000
2020-09-18 00:16:22,907 epoch 17 - iter 7926/13217 - loss 0.00062491 - samples/sec: 1117.29 - lr: 0.050000
2020-09-18 00:17:03,785 epoch 17 - iter 9247/13217 - loss 0.00064098 - samples/sec: 1092.55 - lr: 0.050000
2020-09-18 00:17:45,812 epoch 17 - iter 10568/13217 - loss 0.00061365 - samples/sec: 1114.66 - lr: 0.050000
2020-09-18 00:18:26,813 epoch 17 - iter 11889/13217 - loss 0.00060507 - samples/sec: 1117.71 - lr: 0.050000
2020-09-18 00:19:08,452 epoch 17 - iter 13210/13217 - loss 0.00059522 - samples/sec: 1100.44 - lr: 0.050000
2020-09-18 00:19:09,498 ----------------------------------------------------------------------------------------------------
2020-09-18 00:19:09,499 EPOCH 17 done: loss 0.0006 - lr 0.0500000
2020-09-18 00:20:48,948 DEV : loss 0.00039736932376399636 - score 0.9999
2020-09-18 00:20:58,187 BAD EPOCHS (no improvement): 0
2020-09-18 00:21:17,872 ----------------------------------------------------------------------------------------------------
2020-09-18 00:22:42,840 epoch 18 - iter 1321/13217 - loss 0.00055192 - samples/sec: 1111.90 - lr: 0.050000
2020-09-18 00:23:24,756 epoch 18 - iter 2642/13217 - loss 0.00046943 - samples/sec: 1108.80 - lr: 0.050000
2020-09-18 00:24:06,570 epoch 18 - iter 3963/13217 - loss 0.00057278 - samples/sec: 1092.09 - lr: 0.050000
2020-09-18 00:24:48,483 epoch 18 - iter 5284/13217 - loss 0.00063458 - samples/sec: 1112.45 - lr: 0.050000
2020-09-18 00:25:31,052 epoch 18 - iter 6605/13217 - loss 0.00059057 - samples/sec: 1072.14 - lr: 0.050000
2020-09-18 00:26:12,930 epoch 18 - iter 7926/13217 - loss 0.00056107 - samples/sec: 1114.68 - lr: 0.050000
2020-09-18 00:26:53,668 epoch 18 - iter 9247/13217 - loss 0.00059366 - samples/sec: 1123.19 - lr: 0.050000
2020-09-18 00:27:35,529 epoch 18 - iter 10568/13217 - loss 0.00063478 - samples/sec: 1088.78 - lr: 0.050000
2020-09-18 00:28:17,317 epoch 18 - iter 11889/13217 - loss 0.00064515 - samples/sec: 1118.67 - lr: 0.050000
2020-09-18 00:28:59,118 epoch 18 - iter 13210/13217 - loss 0.00065530 - samples/sec: 1091.16 - lr: 0.050000
2020-09-18 00:29:00,180 ----------------------------------------------------------------------------------------------------
2020-09-18 00:29:00,182 EPOCH 18 done: loss 0.0007 - lr 0.0500000
2020-09-18 00:30:40,843 DEV : loss 0.0005417444044724107 - score 0.9998
2020-09-18 00:30:50,237 BAD EPOCHS (no improvement): 1
2020-09-18 00:30:50,333 ----------------------------------------------------------------------------------------------------
2020-09-18 00:32:11,466 epoch 19 - iter 1321/13217 - loss 0.00061922 - samples/sec: 1133.07 - lr: 0.050000
2020-09-18 00:32:52,203 epoch 19 - iter 2642/13217 - loss 0.00061772 - samples/sec: 1140.09 - lr: 0.050000
2020-09-18 00:33:33,312 epoch 19 - iter 3963/13217 - loss 0.00068926 - samples/sec: 1131.97 - lr: 0.050000
2020-09-18 00:34:14,461 epoch 19 - iter 5284/13217 - loss 0.00060730 - samples/sec: 1127.66 - lr: 0.050000
2020-09-18 00:34:55,488 epoch 19 - iter 6605/13217 - loss 0.00063248 - samples/sec: 1131.98 - lr: 0.050000
2020-09-18 00:35:36,804 epoch 19 - iter 7926/13217 - loss 0.00066299 - samples/sec: 1122.92 - lr: 0.050000
2020-09-18 00:36:18,798 epoch 19 - iter 9247/13217 - loss 0.00067791 - samples/sec: 1132.60 - lr: 0.050000
2020-09-18 00:36:59,983 epoch 19 - iter 10568/13217 - loss 0.00068468 - samples/sec: 1125.64 - lr: 0.050000
2020-09-18 00:37:41,188 epoch 19 - iter 11889/13217 - loss 0.00066572 - samples/sec: 1127.55 - lr: 0.050000
2020-09-18 00:38:22,116 epoch 19 - iter 13210/13217 - loss 0.00065572 - samples/sec: 1137.67 - lr: 0.050000
2020-09-18 00:38:23,225 ----------------------------------------------------------------------------------------------------
2020-09-18 00:38:23,227 EPOCH 19 done: loss 0.0007 - lr 0.0500000
2020-09-18 00:40:01,963 DEV : loss 0.0004346835776232183 - score 0.9998
2020-09-18 00:40:11,295 BAD EPOCHS (no improvement): 2
2020-09-18 00:40:11,297 ----------------------------------------------------------------------------------------------------
2020-09-18 00:41:31,617 epoch 20 - iter 1321/13217 - loss 0.00054619 - samples/sec: 1126.62 - lr: 0.050000
2020-09-18 00:42:13,487 epoch 20 - iter 2642/13217 - loss 0.00056691 - samples/sec: 1122.83 - lr: 0.050000
2020-09-18 00:42:54,337 epoch 20 - iter 3963/13217 - loss 0.00058844 - samples/sec: 1126.80 - lr: 0.050000
2020-09-18 00:43:36,054 epoch 20 - iter 5284/13217 - loss 0.00056151 - samples/sec: 1099.76 - lr: 0.050000
2020-09-18 00:44:16,932 epoch 20 - iter 6605/13217 - loss 0.00053835 - samples/sec: 1098.46 - lr: 0.050000
2020-09-18 00:44:59,074 epoch 20 - iter 7926/13217 - loss 0.00054889 - samples/sec: 1116.63 - lr: 0.050000
2020-09-18 00:45:39,977 epoch 20 - iter 9247/13217 - loss 0.00057376 - samples/sec: 1125.68 - lr: 0.050000
2020-09-18 00:46:21,679 epoch 20 - iter 10568/13217 - loss 0.00059314 - samples/sec: 1131.53 - lr: 0.050000
2020-09-18 00:47:02,670 epoch 20 - iter 11889/13217 - loss 0.00061495 - samples/sec: 1123.22 - lr: 0.050000
2020-09-18 00:47:44,698 epoch 20 - iter 13210/13217 - loss 0.00058933 - samples/sec: 1121.13 - lr: 0.050000
2020-09-18 00:47:45,892 ----------------------------------------------------------------------------------------------------
2020-09-18 00:47:45,893 EPOCH 20 done: loss 0.0006 - lr 0.0500000
2020-09-18 00:49:24,751 DEV : loss 0.000669807312078774 - score 0.9998
2020-09-18 00:49:34,060 BAD EPOCHS (no improvement): 3
2020-09-18 00:49:34,062 ----------------------------------------------------------------------------------------------------
2020-09-18 00:50:54,332 epoch 21 - iter 1321/13217 - loss 0.00061406 - samples/sec: 1104.68 - lr: 0.050000
2020-09-18 00:51:35,043 epoch 21 - iter 2642/13217 - loss 0.00052486 - samples/sec: 1127.01 - lr: 0.050000
2020-09-18 00:52:16,694 epoch 21 - iter 3963/13217 - loss 0.00062521 - samples/sec: 1124.11 - lr: 0.050000
2020-09-18 00:52:57,507 epoch 21 - iter 5284/13217 - loss 0.00065708 - samples/sec: 1120.91 - lr: 0.050000
2020-09-18 00:53:39,625 epoch 21 - iter 6605/13217 - loss 0.00061899 - samples/sec: 1086.54 - lr: 0.050000
2020-09-18 00:54:20,433 epoch 21 - iter 7926/13217 - loss 0.00061459 - samples/sec: 1094.60 - lr: 0.050000
2020-09-18 00:55:02,420 epoch 21 - iter 9247/13217 - loss 0.00067146 - samples/sec: 1113.43 - lr: 0.050000
2020-09-18 00:55:43,288 epoch 21 - iter 10568/13217 - loss 0.00066082 - samples/sec: 1119.36 - lr: 0.050000
2020-09-18 00:56:25,058 epoch 21 - iter 11889/13217 - loss 0.00061890 - samples/sec: 1122.43 - lr: 0.050000
2020-09-18 00:57:07,032 epoch 21 - iter 13210/13217 - loss 0.00059348 - samples/sec: 1114.12 - lr: 0.050000
2020-09-18 00:57:08,043 ----------------------------------------------------------------------------------------------------
2020-09-18 00:57:08,044 EPOCH 21 done: loss 0.0006 - lr 0.0500000
2020-09-18 00:58:45,913 DEV : loss 0.000368967856047675 - score 0.9999
2020-09-18 00:58:55,489 BAD EPOCHS (no improvement): 0
2020-09-18 00:59:19,467 ----------------------------------------------------------------------------------------------------
2020-09-18 01:00:47,652 epoch 22 - iter 1321/13217 - loss 0.00044193 - samples/sec: 1111.80 - lr: 0.050000
2020-09-18 01:01:29,336 epoch 22 - iter 2642/13217 - loss 0.00076676 - samples/sec: 1122.70 - lr: 0.050000
2020-09-18 01:02:10,446 epoch 22 - iter 3963/13217 - loss 0.00064941 - samples/sec: 1114.95 - lr: 0.050000
2020-09-18 01:02:52,214 epoch 22 - iter 5284/13217 - loss 0.00058470 - samples/sec: 1124.63 - lr: 0.050000
2020-09-18 01:03:33,171 epoch 22 - iter 6605/13217 - loss 0.00055028 - samples/sec: 1117.48 - lr: 0.050000
2020-09-18 01:04:14,503 epoch 22 - iter 7926/13217 - loss 0.00054697 - samples/sec: 1108.53 - lr: 0.050000
2020-09-18 01:04:56,767 epoch 22 - iter 9247/13217 - loss 0.00056764 - samples/sec: 1109.39 - lr: 0.050000
2020-09-18 01:05:37,740 epoch 22 - iter 10568/13217 - loss 0.00056117 - samples/sec: 1118.30 - lr: 0.050000
2020-09-18 01:06:19,879 epoch 22 - iter 11889/13217 - loss 0.00054372 - samples/sec: 1116.42 - lr: 0.050000
2020-09-18 01:07:00,971 epoch 22 - iter 13210/13217 - loss 0.00053481 - samples/sec: 1089.81 - lr: 0.050000
2020-09-18 01:07:01,988 ----------------------------------------------------------------------------------------------------
2020-09-18 01:07:01,989 EPOCH 22 done: loss 0.0005 - lr 0.0500000
2020-09-18 01:08:41,069 DEV : loss 0.00034007462090812624 - score 0.9998
2020-09-18 01:08:50,363 BAD EPOCHS (no improvement): 1
2020-09-18 01:08:50,461 ----------------------------------------------------------------------------------------------------
2020-09-18 01:10:11,286 epoch 23 - iter 1321/13217 - loss 0.00045428 - samples/sec: 1118.61 - lr: 0.050000
2020-09-18 01:10:52,251 epoch 23 - iter 2642/13217 - loss 0.00072321 - samples/sec: 1119.53 - lr: 0.050000
2020-09-18 01:11:33,914 epoch 23 - iter 3963/13217 - loss 0.00078153 - samples/sec: 1124.52 - lr: 0.050000
2020-09-18 01:12:15,503 epoch 23 - iter 5284/13217 - loss 0.00073427 - samples/sec: 1128.85 - lr: 0.050000
2020-09-18 01:12:56,301 epoch 23 - iter 6605/13217 - loss 0.00071744 - samples/sec: 1125.23 - lr: 0.050000
2020-09-18 01:13:38,281 epoch 23 - iter 7926/13217 - loss 0.00063450 - samples/sec: 1063.92 - lr: 0.050000
2020-09-18 01:14:19,844 epoch 23 - iter 9247/13217 - loss 0.00061790 - samples/sec: 1128.76 - lr: 0.050000
2020-09-18 01:15:01,001 epoch 23 - iter 10568/13217 - loss 0.00060377 - samples/sec: 1112.94 - lr: 0.050000
2020-09-18 01:15:42,782 epoch 23 - iter 11889/13217 - loss 0.00061352 - samples/sec: 1122.41 - lr: 0.050000
2020-09-18 01:16:24,599 epoch 23 - iter 13210/13217 - loss 0.00060697 - samples/sec: 1094.34 - lr: 0.050000
2020-09-18 01:16:25,664 ----------------------------------------------------------------------------------------------------
2020-09-18 01:16:25,666 EPOCH 23 done: loss 0.0006 - lr 0.0500000
2020-09-18 01:18:03,311 DEV : loss 0.0003522391489241272 - score 0.9999
2020-09-18 01:18:12,642 BAD EPOCHS (no improvement): 0
2020-09-18 01:18:36,987 ----------------------------------------------------------------------------------------------------
2020-09-18 01:20:04,294 epoch 24 - iter 1321/13217 - loss 0.00033728 - samples/sec: 1070.17 - lr: 0.050000
2020-09-18 01:20:45,845 epoch 24 - iter 2642/13217 - loss 0.00051913 - samples/sec: 1091.86 - lr: 0.050000
2020-09-18 01:21:28,127 epoch 24 - iter 3963/13217 - loss 0.00052048 - samples/sec: 1085.79 - lr: 0.050000
2020-09-18 01:22:09,484 epoch 24 - iter 5284/13217 - loss 0.00051398 - samples/sec: 1107.99 - lr: 0.050000
2020-09-18 01:22:51,538 epoch 24 - iter 6605/13217 - loss 0.00050334 - samples/sec: 1115.76 - lr: 0.050000
2020-09-18 01:23:32,712 epoch 24 - iter 7926/13217 - loss 0.00052259 - samples/sec: 1115.29 - lr: 0.050000
2020-09-18 01:24:14,765 epoch 24 - iter 9247/13217 - loss 0.00051943 - samples/sec: 1088.95 - lr: 0.050000
2020-09-18 01:24:56,004 epoch 24 - iter 10568/13217 - loss 0.00052383 - samples/sec: 1112.43 - lr: 0.050000
2020-09-18 01:25:38,400 epoch 24 - iter 11889/13217 - loss 0.00050500 - samples/sec: 1106.66 - lr: 0.050000
2020-09-18 01:26:19,453 epoch 24 - iter 13210/13217 - loss 0.00051652 - samples/sec: 1117.56 - lr: 0.050000
2020-09-18 01:26:20,487 ----------------------------------------------------------------------------------------------------
2020-09-18 01:26:20,488 EPOCH 24 done: loss 0.0005 - lr 0.0500000
2020-09-18 01:27:59,589 DEV : loss 0.0003301367105450481 - score 0.9999
2020-09-18 01:28:08,799 BAD EPOCHS (no improvement): 0
2020-09-18 01:28:30,138 ----------------------------------------------------------------------------------------------------
2020-09-18 01:29:54,715 epoch 25 - iter 1321/13217 - loss 0.00052541 - samples/sec: 1093.07 - lr: 0.050000
2020-09-18 01:30:35,952 epoch 25 - iter 2642/13217 - loss 0.00059338 - samples/sec: 1127.99 - lr: 0.050000
2020-09-18 01:31:17,547 epoch 25 - iter 3963/13217 - loss 0.00061089 - samples/sec: 1116.61 - lr: 0.050000
2020-09-18 01:31:58,698 epoch 25 - iter 5284/13217 - loss 0.00057554 - samples/sec: 1127.46 - lr: 0.050000
2020-09-18 01:32:39,846 epoch 25 - iter 6605/13217 - loss 0.00063377 - samples/sec: 1128.34 - lr: 0.050000
2020-09-18 01:33:21,343 epoch 25 - iter 7926/13217 - loss 0.00061069 - samples/sec: 1120.35 - lr: 0.050000
2020-09-18 01:34:02,577 epoch 25 - iter 9247/13217 - loss 0.00055732 - samples/sec: 1125.91 - lr: 0.050000
2020-09-18 01:34:43,813 epoch 25 - iter 10568/13217 - loss 0.00057570 - samples/sec: 1100.18 - lr: 0.050000
2020-09-18 01:35:26,006 epoch 25 - iter 11889/13217 - loss 0.00056456 - samples/sec: 1103.04 - lr: 0.050000
2020-09-18 01:36:07,126 epoch 25 - iter 13210/13217 - loss 0.00055012 - samples/sec: 1129.47 - lr: 0.050000
2020-09-18 01:36:08,194 ----------------------------------------------------------------------------------------------------
2020-09-18 01:36:08,196 EPOCH 25 done: loss 0.0005 - lr 0.0500000
2020-09-18 01:37:46,993 DEV : loss 0.0005273263668641448 - score 0.9998
2020-09-18 01:37:56,321 BAD EPOCHS (no improvement): 1
2020-09-18 01:37:56,418 ----------------------------------------------------------------------------------------------------
2020-09-18 01:39:16,836 epoch 26 - iter 1321/13217 - loss 0.00038367 - samples/sec: 1122.42 - lr: 0.050000
2020-09-18 01:39:58,825 epoch 26 - iter 2642/13217 - loss 0.00047249 - samples/sec: 1123.00 - lr: 0.050000
2020-09-18 01:40:39,964 epoch 26 - iter 3963/13217 - loss 0.00040075 - samples/sec: 1120.28 - lr: 0.050000
2020-09-18 01:41:21,827 epoch 26 - iter 5284/13217 - loss 0.00043398 - samples/sec: 1124.40 - lr: 0.050000
2020-09-18 01:42:03,048 epoch 26 - iter 6605/13217 - loss 0.00045870 - samples/sec: 1116.79 - lr: 0.050000
2020-09-18 01:42:44,195 epoch 26 - iter 7926/13217 - loss 0.00046333 - samples/sec: 1121.58 - lr: 0.050000
2020-09-18 01:43:26,204 epoch 26 - iter 9247/13217 - loss 0.00042562 - samples/sec: 1125.18 - lr: 0.050000
2020-09-18 01:44:07,366 epoch 26 - iter 10568/13217 - loss 0.00044791 - samples/sec: 1119.99 - lr: 0.050000
2020-09-18 01:44:49,533 epoch 26 - iter 11889/13217 - loss 0.00050263 - samples/sec: 1120.27 - lr: 0.050000
2020-09-18 01:45:31,037 epoch 26 - iter 13210/13217 - loss 0.00048086 - samples/sec: 1112.06 - lr: 0.050000
2020-09-18 01:45:32,241 ----------------------------------------------------------------------------------------------------
2020-09-18 01:45:32,243 EPOCH 26 done: loss 0.0005 - lr 0.0500000
2020-09-18 01:47:10,691 DEV : loss 0.0003236537449993193 - score 0.9999
2020-09-18 01:47:20,018 BAD EPOCHS (no improvement): 0
2020-09-18 01:47:39,140 ----------------------------------------------------------------------------------------------------
2020-09-18 01:49:03,510 epoch 27 - iter 1321/13217 - loss 0.00077307 - samples/sec: 1118.38 - lr: 0.050000
2020-09-18 01:49:45,198 epoch 27 - iter 2642/13217 - loss 0.00060027 - samples/sec: 1089.18 - lr: 0.050000
2020-09-18 01:50:27,464 epoch 27 - iter 3963/13217 - loss 0.00075467 - samples/sec: 1108.30 - lr: 0.050000
2020-09-18 01:51:09,126 epoch 27 - iter 5284/13217 - loss 0.00071988 - samples/sec: 1094.30 - lr: 0.050000
2020-09-18 01:51:49,882 epoch 27 - iter 6605/13217 - loss 0.00067537 - samples/sec: 1120.54 - lr: 0.050000
2020-09-18 01:52:31,652 epoch 27 - iter 7926/13217 - loss 0.00061337 - samples/sec: 1119.02 - lr: 0.050000
2020-09-18 01:53:13,326 epoch 27 - iter 9247/13217 - loss 0.00056807 - samples/sec: 1095.47 - lr: 0.050000
2020-09-18 01:53:54,853 epoch 27 - iter 10568/13217 - loss 0.00056620 - samples/sec: 1097.48 - lr: 0.050000
2020-09-18 01:54:35,717 epoch 27 - iter 11889/13217 - loss 0.00057231 - samples/sec: 1118.16 - lr: 0.050000
2020-09-18 01:55:18,160 epoch 27 - iter 13210/13217 - loss 0.00056693 - samples/sec: 1073.98 - lr: 0.050000
2020-09-18 01:55:23,042 ----------------------------------------------------------------------------------------------------
2020-09-18 01:55:23,045 EPOCH 27 done: loss 0.0006 - lr 0.0500000
2020-09-18 01:57:06,266 DEV : loss 0.00032912680762819946 - score 0.9999
2020-09-18 01:57:15,553 BAD EPOCHS (no improvement): 1
2020-09-18 01:57:15,643 ----------------------------------------------------------------------------------------------------
2020-09-18 01:58:36,980 epoch 28 - iter 1321/13217 - loss 0.00036654 - samples/sec: 1127.75 - lr: 0.050000
2020-09-18 01:59:18,402 epoch 28 - iter 2642/13217 - loss 0.00031160 - samples/sec: 1124.45 - lr: 0.050000
2020-09-18 01:59:59,136 epoch 28 - iter 3963/13217 - loss 0.00032681 - samples/sec: 1128.68 - lr: 0.050000
2020-09-18 02:00:40,777 epoch 28 - iter 5284/13217 - loss 0.00039054 - samples/sec: 1128.67 - lr: 0.050000
2020-09-18 02:01:21,722 epoch 28 - iter 6605/13217 - loss 0.00045015 - samples/sec: 1121.37 - lr: 0.050000
2020-09-18 02:02:03,471 epoch 28 - iter 7926/13217 - loss 0.00042001 - samples/sec: 1126.17 - lr: 0.050000
2020-09-18 02:02:44,215 epoch 28 - iter 9247/13217 - loss 0.00044134 - samples/sec: 1131.42 - lr: 0.050000
2020-09-18 02:03:25,703 epoch 28 - iter 10568/13217 - loss 0.00045340 - samples/sec: 1104.05 - lr: 0.050000
2020-09-18 02:04:07,691 epoch 28 - iter 11889/13217 - loss 0.00046093 - samples/sec: 1120.15 - lr: 0.050000
2020-09-18 02:04:48,700 epoch 28 - iter 13210/13217 - loss 0.00046915 - samples/sec: 1123.74 - lr: 0.050000
2020-09-18 02:04:49,929 ----------------------------------------------------------------------------------------------------
2020-09-18 02:04:49,930 EPOCH 28 done: loss 0.0005 - lr 0.0500000
2020-09-18 02:06:28,999 DEV : loss 0.0003881795855704695 - score 0.9999
2020-09-18 02:06:38,296 BAD EPOCHS (no improvement): 2
2020-09-18 02:06:38,298 ----------------------------------------------------------------------------------------------------
2020-09-18 02:07:59,599 epoch 29 - iter 1321/13217 - loss 0.00034590 - samples/sec: 1092.89 - lr: 0.050000
2020-09-18 02:08:41,131 epoch 29 - iter 2642/13217 - loss 0.00035025 - samples/sec: 1121.52 - lr: 0.050000
2020-09-18 02:09:21,905 epoch 29 - iter 3963/13217 - loss 0.00044862 - samples/sec: 1122.43 - lr: 0.050000
2020-09-18 02:10:03,536 epoch 29 - iter 5284/13217 - loss 0.00046454 - samples/sec: 1123.05 - lr: 0.050000
2020-09-18 02:10:45,227 epoch 29 - iter 6605/13217 - loss 0.00045521 - samples/sec: 1120.33 - lr: 0.050000
2020-09-18 02:11:26,827 epoch 29 - iter 7926/13217 - loss 0.00045473 - samples/sec: 1122.82 - lr: 0.050000
2020-09-18 02:12:07,640 epoch 29 - iter 9247/13217 - loss 0.00044949 - samples/sec: 1119.20 - lr: 0.050000
2020-09-18 02:12:49,432 epoch 29 - iter 10568/13217 - loss 0.00046502 - samples/sec: 1117.45 - lr: 0.050000
2020-09-18 02:13:31,075 epoch 29 - iter 11889/13217 - loss 0.00048714 - samples/sec: 1095.38 - lr: 0.050000
2020-09-18 02:14:12,677 epoch 29 - iter 13210/13217 - loss 0.00049239 - samples/sec: 1070.36 - lr: 0.050000
2020-09-18 02:14:13,691 ----------------------------------------------------------------------------------------------------
2020-09-18 02:14:13,692 EPOCH 29 done: loss 0.0005 - lr 0.0500000
2020-09-18 02:15:52,245 DEV : loss 0.0003162016218993813 - score 0.9999
2020-09-18 02:16:01,576 BAD EPOCHS (no improvement): 0
2020-09-18 02:16:22,308 ----------------------------------------------------------------------------------------------------
2020-09-18 02:17:46,639 epoch 30 - iter 1321/13217 - loss 0.00043100 - samples/sec: 1102.60 - lr: 0.050000
2020-09-18 02:18:27,865 epoch 30 - iter 2642/13217 - loss 0.00035493 - samples/sec: 1115.36 - lr: 0.050000
2020-09-18 02:19:09,969 epoch 30 - iter 3963/13217 - loss 0.00035672 - samples/sec: 1113.07 - lr: 0.050000
2020-09-18 02:19:51,037 epoch 30 - iter 5284/13217 - loss 0.00042555 - samples/sec: 1092.16 - lr: 0.050000
2020-09-18 02:20:33,384 epoch 30 - iter 6605/13217 - loss 0.00041532 - samples/sec: 1109.89 - lr: 0.050000
2020-09-18 02:21:14,632 epoch 30 - iter 7926/13217 - loss 0.00038346 - samples/sec: 1112.60 - lr: 0.050000
2020-09-18 02:21:55,677 epoch 30 - iter 9247/13217 - loss 0.00038193 - samples/sec: 1117.85 - lr: 0.050000
2020-09-18 02:22:37,722 epoch 30 - iter 10568/13217 - loss 0.00038348 - samples/sec: 1120.14 - lr: 0.050000
2020-09-18 02:23:18,848 epoch 30 - iter 11889/13217 - loss 0.00043016 - samples/sec: 1115.98 - lr: 0.050000
2020-09-18 02:24:01,240 epoch 30 - iter 13210/13217 - loss 0.00041636 - samples/sec: 1080.81 - lr: 0.050000
2020-09-18 02:24:02,303 ----------------------------------------------------------------------------------------------------
2020-09-18 02:24:02,304 EPOCH 30 done: loss 0.0004 - lr 0.0500000
2020-09-18 02:25:41,012 DEV : loss 0.0003216553886886686 - score 0.9999
2020-09-18 02:25:50,309 BAD EPOCHS (no improvement): 1
2020-09-18 02:26:11,143 ----------------------------------------------------------------------------------------------------
2020-09-18 02:26:11,145 Testing using best model ...
2020-09-18 02:26:11,258 loading file models\en.word_split_0.1_32\best-model.pt
2020-09-18 02:27:51,902 	0.9999
2020-09-18 02:27:52,074 
Results:
- F-score (micro) 0.9999
- F-score (macro) 0.9956
- Accuracy 0.9999

By class:
              precision    recall  f1-score   support

      benign     0.9999    1.0000    0.9999     52522
   malignant     0.9942    0.9884    0.9913       346

   micro avg     0.9999    0.9999    0.9999     52868
   macro avg     0.9971    0.9942    0.9956     52868
weighted avg     0.9999    0.9999    0.9999     52868
 samples avg     0.9999    0.9999    0.9999     52868

2020-09-18 02:27:52,076 ----------------------------------------------------------------------------------------------------
