2020-09-17 15:34:08,343 ----------------------------------------------------------------------------------------------------
2020-09-17 15:34:08,345 Model: "TextClassifier(
  (document_embeddings): DocumentRNNEmbeddings(
    (embeddings): StackedEmbeddings(
      (list_embedding_0): WordEmbeddings('glove')
    )
    (word_reprojection_map): Linear(in_features=100, out_features=100, bias=True)
    (rnn): GRU(100, 256, batch_first=True)
    (dropout): Dropout(p=0.5, inplace=False)
  )
  (decoder): Linear(in_features=256, out_features=2, bias=True)
  (loss_function): CrossEntropyLoss()
)"
2020-09-17 15:34:08,346 ----------------------------------------------------------------------------------------------------
2020-09-17 15:34:08,347 Corpus: "Corpus: 422936 train + 52867 dev + 52868 test sentences"
2020-09-17 15:34:08,348 ----------------------------------------------------------------------------------------------------
2020-09-17 15:34:08,350 Parameters:
2020-09-17 15:34:08,351  - learning_rate: "0.1"
2020-09-17 15:34:08,352  - mini_batch_size: "256"
2020-09-17 15:34:08,353  - patience: "3"
2020-09-17 15:34:08,355  - anneal_factor: "0.5"
2020-09-17 15:34:08,356  - max_epochs: "30"
2020-09-17 15:34:08,357  - shuffle: "True"
2020-09-17 15:34:08,359  - train_with_dev: "False"
2020-09-17 15:34:08,361  - batch_growth_annealing: "False"
2020-09-17 15:34:08,362 ----------------------------------------------------------------------------------------------------
2020-09-17 15:34:08,363 Model training base path: "models\glove.word_split"
2020-09-17 15:34:08,364 ----------------------------------------------------------------------------------------------------
2020-09-17 15:34:08,366 Device: cuda:0
2020-09-17 15:34:08,366 ----------------------------------------------------------------------------------------------------
2020-09-17 15:34:08,367 Embeddings storage mode: cpu
2020-09-17 15:34:08,371 ----------------------------------------------------------------------------------------------------
2020-09-17 15:34:48,021 epoch 1 - iter 0/1653 - loss 0.59104705 - samples/sec: 50693.60
2020-09-17 15:35:44,035 epoch 1 - iter 165/1653 - loss 0.03837221 - samples/sec: 850.76
2020-09-17 15:36:33,208 ----------------------------------------------------------------------------------------------------
2020-09-17 15:36:33,209 Exiting from training early.
2020-09-17 15:36:33,210 Saving model ...
2020-09-17 15:36:37,719 Done.
2020-09-17 15:36:37,722 ----------------------------------------------------------------------------------------------------
2020-09-17 15:36:37,726 Testing using best model ...
2020-09-17 15:37:51,270 0.9973	0.9973	0.9973
2020-09-17 15:37:51,272 
MICRO_AVG: acc 0.9947 - f1-score 0.9973
MACRO_AVG: acc 0.7949 - f1-score 0.8713500000000001
benign     tp: 52522 - fp: 141 - fn: 0 - tn: 205 - precision: 0.9973 - recall: 1.0000 - accuracy: 0.9973 - f1-score: 0.9986
malignant  tp: 205 - fp: 0 - fn: 141 - tn: 52522 - precision: 1.0000 - recall: 0.5925 - accuracy: 0.5925 - f1-score: 0.7441
2020-09-17 15:37:51,274 ----------------------------------------------------------------------------------------------------
