2020-09-17 16:02:39,303 ----------------------------------------------------------------------------------------------------
2020-09-17 16:02:39,305 Model: "TextClassifier(
  (document_embeddings): DocumentRNNEmbeddings(
    (embeddings): StackedEmbeddings(
      (list_embedding_0): WordEmbeddings('glove')
    )
    (word_reprojection_map): Linear(in_features=100, out_features=100, bias=True)
    (rnn): GRU(100, 256, batch_first=True)
    (dropout): Dropout(p=0.5, inplace=False)
  )
  (decoder): Linear(in_features=256, out_features=2, bias=True)
  (loss_function): CrossEntropyLoss()
)"
2020-09-17 16:02:39,306 ----------------------------------------------------------------------------------------------------
2020-09-17 16:02:39,308 Corpus: "Corpus: 422936 train + 52867 dev + 52868 test sentences"
2020-09-17 16:02:39,310 ----------------------------------------------------------------------------------------------------
2020-09-17 16:02:39,311 Parameters:
2020-09-17 16:02:39,312  - learning_rate: "0.1"
2020-09-17 16:02:39,314  - mini_batch_size: "32"
2020-09-17 16:02:39,315  - patience: "3"
2020-09-17 16:02:39,316  - anneal_factor: "0.5"
2020-09-17 16:02:39,317  - max_epochs: "30"
2020-09-17 16:02:39,318  - shuffle: "True"
2020-09-17 16:02:39,319  - train_with_dev: "False"
2020-09-17 16:02:39,321  - batch_growth_annealing: "False"
2020-09-17 16:02:39,322 ----------------------------------------------------------------------------------------------------
2020-09-17 16:02:39,323 Model training base path: "models\glove.word_split_0.1_32"
2020-09-17 16:02:39,325 ----------------------------------------------------------------------------------------------------
2020-09-17 16:02:39,326 Device: cuda:0
2020-09-17 16:02:39,328 ----------------------------------------------------------------------------------------------------
2020-09-17 16:02:39,329 Embeddings storage mode: cpu
2020-09-17 16:02:39,333 ----------------------------------------------------------------------------------------------------
2020-09-17 16:03:16,248 epoch 1 - iter 0/13217 - loss 0.65148681 - samples/sec: 612646.10
2020-09-17 16:04:21,020 epoch 1 - iter 1321/13217 - loss 0.02143074 - samples/sec: 703.52
2020-09-17 16:05:27,157 epoch 1 - iter 2642/13217 - loss 0.01829847 - samples/sec: 699.90
2020-09-17 16:06:32,250 epoch 1 - iter 3963/13217 - loss 0.01450372 - samples/sec: 693.00
2020-09-17 16:07:37,059 epoch 1 - iter 5284/13217 - loss 0.01213865 - samples/sec: 687.21
2020-09-17 16:08:40,767 epoch 1 - iter 6605/13217 - loss 0.01044630 - samples/sec: 717.94
2020-09-17 16:09:46,138 epoch 1 - iter 7926/13217 - loss 0.00926823 - samples/sec: 691.00
2020-09-17 16:10:49,523 epoch 1 - iter 9247/13217 - loss 0.00840319 - samples/sec: 712.97
2020-09-17 16:11:53,588 epoch 1 - iter 10568/13217 - loss 0.00771009 - samples/sec: 715.12
2020-09-17 16:12:57,914 epoch 1 - iter 11889/13217 - loss 0.00717964 - samples/sec: 710.71
2020-09-17 16:14:01,497 epoch 1 - iter 13210/13217 - loss 0.00670514 - samples/sec: 720.37
2020-09-17 16:14:02,538 ----------------------------------------------------------------------------------------------------
2020-09-17 16:14:02,539 EPOCH 1 done: loss 0.0067 - lr 0.1000
2020-09-17 16:15:54,563 DEV : loss 0.001983748283237219 - score 0.9995
2020-09-17 16:16:19,794 BAD EPOCHS (no improvement): 0
2020-09-17 16:16:24,827 ----------------------------------------------------------------------------------------------------
2020-09-17 16:17:01,905 epoch 2 - iter 0/13217 - loss 0.00001842 - samples/sec: 621672.50
2020-09-17 16:18:05,268 epoch 2 - iter 1321/13217 - loss 0.00167200 - samples/sec: 720.59
2020-09-17 16:19:08,323 epoch 2 - iter 2642/13217 - loss 0.00169976 - samples/sec: 724.11
2020-09-17 16:20:11,218 epoch 2 - iter 3963/13217 - loss 0.00181361 - samples/sec: 727.21
2020-09-17 16:21:16,829 epoch 2 - iter 5284/13217 - loss 0.00196471 - samples/sec: 688.71
2020-09-17 16:22:23,891 epoch 2 - iter 6605/13217 - loss 0.00200321 - samples/sec: 673.55
2020-09-17 16:23:28,083 epoch 2 - iter 7926/13217 - loss 0.00198566 - samples/sec: 703.62
2020-09-17 16:24:31,990 epoch 2 - iter 9247/13217 - loss 0.00192942 - samples/sec: 709.07
2020-09-17 16:25:34,692 epoch 2 - iter 10568/13217 - loss 0.00198261 - samples/sec: 720.19
2020-09-17 16:26:38,197 epoch 2 - iter 11889/13217 - loss 0.00191374 - samples/sec: 719.92
2020-09-17 16:27:42,290 epoch 2 - iter 13210/13217 - loss 0.00187714 - samples/sec: 714.01
2020-09-17 16:27:43,357 ----------------------------------------------------------------------------------------------------
2020-09-17 16:27:43,358 EPOCH 2 done: loss 0.0019 - lr 0.1000
2020-09-17 16:29:28,787 DEV : loss 0.0007546731503680348 - score 0.9998
2020-09-17 16:29:52,139 BAD EPOCHS (no improvement): 0
2020-09-17 16:29:57,178 ----------------------------------------------------------------------------------------------------
2020-09-17 16:30:33,775 epoch 3 - iter 0/13217 - loss 0.00001745 - samples/sec: 703368.52
2020-09-17 16:31:37,246 epoch 3 - iter 1321/13217 - loss 0.00152487 - samples/sec: 700.40
2020-09-17 16:32:41,092 epoch 3 - iter 2642/13217 - loss 0.00137410 - samples/sec: 705.65
2020-09-17 16:33:43,323 epoch 3 - iter 3963/13217 - loss 0.00143205 - samples/sec: 724.32
2020-09-17 16:34:46,758 epoch 3 - iter 5284/13217 - loss 0.00160484 - samples/sec: 711.72
2020-09-17 16:35:51,277 epoch 3 - iter 6605/13217 - loss 0.00159391 - samples/sec: 681.73
2020-09-17 16:36:53,881 epoch 3 - iter 7926/13217 - loss 0.00154109 - samples/sec: 719.91
2020-09-17 16:37:58,160 epoch 3 - iter 9247/13217 - loss 0.00149967 - samples/sec: 701.76
2020-09-17 16:39:01,961 epoch 3 - iter 10568/13217 - loss 0.00145412 - samples/sec: 689.06
2020-09-17 16:40:06,163 epoch 3 - iter 11889/13217 - loss 0.00141854 - samples/sec: 701.42
2020-09-17 16:41:08,791 epoch 3 - iter 13210/13217 - loss 0.00142902 - samples/sec: 730.81
2020-09-17 16:41:09,868 ----------------------------------------------------------------------------------------------------
2020-09-17 16:41:09,870 EPOCH 3 done: loss 0.0014 - lr 0.1000
2020-09-17 16:42:55,711 DEV : loss 0.0009889831999316812 - score 0.9997
2020-09-17 16:43:18,507 BAD EPOCHS (no improvement): 1
2020-09-17 16:43:18,509 ----------------------------------------------------------------------------------------------------
2020-09-17 16:43:53,945 epoch 4 - iter 0/13217 - loss 0.06294222 - samples/sec: 741646.07
2020-09-17 16:44:55,889 epoch 4 - iter 1321/13217 - loss 0.00212140 - samples/sec: 728.76
2020-09-17 16:45:58,822 epoch 4 - iter 2642/13217 - loss 0.00172214 - samples/sec: 717.55
2020-09-17 16:47:01,410 epoch 4 - iter 3963/13217 - loss 0.00155593 - samples/sec: 713.05
2020-09-17 16:48:04,763 epoch 4 - iter 5284/13217 - loss 0.00148084 - samples/sec: 722.40
2020-09-17 16:49:11,122 epoch 4 - iter 6605/13217 - loss 0.00139651 - samples/sec: 680.34
2020-09-17 16:50:19,015 epoch 4 - iter 7926/13217 - loss 0.00138601 - samples/sec: 676.17
2020-09-17 16:51:22,369 epoch 4 - iter 9247/13217 - loss 0.00140159 - samples/sec: 708.62
2020-09-17 16:52:25,858 epoch 4 - iter 10568/13217 - loss 0.00135113 - samples/sec: 706.04
2020-09-17 16:53:31,400 epoch 4 - iter 11889/13217 - loss 0.00133608 - samples/sec: 693.47
2020-09-17 16:54:35,024 epoch 4 - iter 13210/13217 - loss 0.00128189 - samples/sec: 713.85
2020-09-17 16:54:36,104 ----------------------------------------------------------------------------------------------------
2020-09-17 16:54:36,106 EPOCH 4 done: loss 0.0013 - lr 0.1000
2020-09-17 16:56:28,489 DEV : loss 0.0009011110523715615 - score 0.9998
2020-09-17 16:56:51,851 BAD EPOCHS (no improvement): 2
2020-09-17 16:56:56,646 ----------------------------------------------------------------------------------------------------
2020-09-17 16:57:32,960 epoch 5 - iter 0/13217 - loss 0.00001501 - samples/sec: 704562.00
2020-09-17 16:58:37,417 epoch 5 - iter 1321/13217 - loss 0.00071459 - samples/sec: 704.45
2020-09-17 16:59:41,029 epoch 5 - iter 2642/13217 - loss 0.00108001 - samples/sec: 714.56
2020-09-17 17:00:45,127 epoch 5 - iter 3963/13217 - loss 0.00107526 - samples/sec: 716.24
2020-09-17 17:01:49,192 epoch 5 - iter 5284/13217 - loss 0.00109712 - samples/sec: 710.53
2020-09-17 17:02:53,486 epoch 5 - iter 6605/13217 - loss 0.00119771 - samples/sec: 715.39
2020-09-17 17:03:56,394 epoch 5 - iter 7926/13217 - loss 0.00124413 - samples/sec: 722.50
2020-09-17 17:05:00,330 epoch 5 - iter 9247/13217 - loss 0.00116674 - samples/sec: 709.42
2020-09-17 17:06:03,429 epoch 5 - iter 10568/13217 - loss 0.00115461 - samples/sec: 721.75
2020-09-17 17:07:07,310 epoch 5 - iter 11889/13217 - loss 0.00112642 - samples/sec: 701.50
2020-09-17 17:08:12,959 epoch 5 - iter 13210/13217 - loss 0.00116030 - samples/sec: 698.27
2020-09-17 17:08:14,009 ----------------------------------------------------------------------------------------------------
2020-09-17 17:08:14,011 EPOCH 5 done: loss 0.0012 - lr 0.1000
2020-09-17 17:10:03,072 DEV : loss 0.0006250182632356882 - score 0.9998
2020-09-17 17:10:26,699 BAD EPOCHS (no improvement): 3
2020-09-17 17:10:31,861 ----------------------------------------------------------------------------------------------------
2020-09-17 17:11:08,996 epoch 6 - iter 0/13217 - loss 0.00000176 - samples/sec: 704559.20
2020-09-17 17:12:13,408 epoch 6 - iter 1321/13217 - loss 0.00091146 - samples/sec: 711.40
2020-09-17 17:13:18,116 epoch 6 - iter 2642/13217 - loss 0.00087117 - samples/sec: 701.09
2020-09-17 17:14:22,687 epoch 6 - iter 3963/13217 - loss 0.00081208 - samples/sec: 710.96
2020-09-17 17:15:26,211 epoch 6 - iter 5284/13217 - loss 0.00090058 - samples/sec: 715.26
2020-09-17 17:16:29,287 epoch 6 - iter 6605/13217 - loss 0.00089744 - samples/sec: 718.03
2020-09-17 17:17:33,826 epoch 6 - iter 7926/13217 - loss 0.00093396 - samples/sec: 701.95
2020-09-17 17:18:37,474 epoch 6 - iter 9247/13217 - loss 0.00089984 - samples/sec: 713.70
2020-09-17 17:19:41,026 epoch 6 - iter 10568/13217 - loss 0.00093344 - samples/sec: 715.10
2020-09-17 17:20:43,824 epoch 6 - iter 11889/13217 - loss 0.00091009 - samples/sec: 724.39
2020-09-17 17:21:47,979 epoch 6 - iter 13210/13217 - loss 0.00092920 - samples/sec: 708.41
2020-09-17 17:21:49,475 ----------------------------------------------------------------------------------------------------
2020-09-17 17:21:49,476 EPOCH 6 done: loss 0.0009 - lr 0.1000
2020-09-17 17:23:38,189 DEV : loss 0.0004954988835379481 - score 0.9998
2020-09-17 17:24:01,825 BAD EPOCHS (no improvement): 4
2020-09-17 17:24:08,855 ----------------------------------------------------------------------------------------------------
2020-09-17 17:24:45,630 epoch 7 - iter 0/13217 - loss 0.00000322 - samples/sec: 704553.60
2020-09-17 17:25:49,729 epoch 7 - iter 1321/13217 - loss 0.00089106 - samples/sec: 712.68
2020-09-17 17:26:54,492 epoch 7 - iter 2642/13217 - loss 0.00086925 - samples/sec: 705.96
2020-09-17 17:27:59,660 epoch 7 - iter 3963/13217 - loss 0.00077463 - samples/sec: 701.42
2020-09-17 17:29:04,049 epoch 7 - iter 5284/13217 - loss 0.00089802 - samples/sec: 701.92
2020-09-17 17:30:13,671 epoch 7 - iter 6605/13217 - loss 0.00090462 - samples/sec: 649.18
2020-09-17 17:31:24,745 epoch 7 - iter 7926/13217 - loss 0.00085079 - samples/sec: 635.67
2020-09-17 17:32:41,295 epoch 7 - iter 9247/13217 - loss 0.00082527 - samples/sec: 598.37
2020-09-17 17:33:56,378 epoch 7 - iter 10568/13217 - loss 0.00085088 - samples/sec: 602.41
2020-09-17 17:35:13,064 epoch 7 - iter 11889/13217 - loss 0.00082188 - samples/sec: 598.52
2020-09-17 17:36:31,179 epoch 7 - iter 13210/13217 - loss 0.00082095 - samples/sec: 587.65
2020-09-17 17:36:32,722 ----------------------------------------------------------------------------------------------------
2020-09-17 17:36:32,725 EPOCH 7 done: loss 0.0008 - lr 0.0500
2020-09-17 17:38:47,766 DEV : loss 0.0004934129538014531 - score 0.9998
2020-09-17 17:39:16,238 BAD EPOCHS (no improvement): 1
2020-09-17 17:39:22,009 ----------------------------------------------------------------------------------------------------
2020-09-17 17:40:07,743 epoch 8 - iter 0/13217 - loss 0.00001816 - samples/sec: 640491.94
2020-09-17 17:41:13,203 epoch 8 - iter 1321/13217 - loss 0.00072492 - samples/sec: 698.49
2020-09-17 17:42:15,113 epoch 8 - iter 2642/13217 - loss 0.00071857 - samples/sec: 736.85
2020-09-17 17:43:17,100 epoch 8 - iter 3963/13217 - loss 0.00070769 - samples/sec: 736.24
2020-09-17 17:44:19,633 epoch 8 - iter 5284/13217 - loss 0.00069033 - samples/sec: 733.01
2020-09-17 17:45:21,982 epoch 8 - iter 6605/13217 - loss 0.00065237 - samples/sec: 723.92
2020-09-17 17:46:24,392 epoch 8 - iter 7926/13217 - loss 0.00068676 - samples/sec: 731.28
2020-09-17 17:47:29,668 epoch 8 - iter 9247/13217 - loss 0.00070600 - samples/sec: 701.02
2020-09-17 17:48:32,941 epoch 8 - iter 10568/13217 - loss 0.00070774 - samples/sec: 721.29
2020-09-17 17:49:38,541 epoch 8 - iter 11889/13217 - loss 0.00073834 - samples/sec: 697.21
2020-09-17 17:50:43,043 epoch 8 - iter 13210/13217 - loss 0.00072599 - samples/sec: 700.09
2020-09-17 17:50:45,556 ----------------------------------------------------------------------------------------------------
2020-09-17 17:50:45,558 EPOCH 8 done: loss 0.0007 - lr 0.0500
2020-09-17 17:52:31,078 DEV : loss 0.000518464541528374 - score 0.9998
2020-09-17 17:52:53,715 BAD EPOCHS (no improvement): 2
2020-09-17 17:52:58,331 ----------------------------------------------------------------------------------------------------
2020-09-17 17:53:35,893 epoch 9 - iter 0/13217 - loss 0.00000280 - samples/sec: 681800.81
2020-09-17 17:54:40,360 epoch 9 - iter 1321/13217 - loss 0.00053752 - samples/sec: 711.24
2020-09-17 17:55:44,220 epoch 9 - iter 2642/13217 - loss 0.00055666 - samples/sec: 708.48
2020-09-17 17:56:49,121 epoch 9 - iter 3963/13217 - loss 0.00056536 - samples/sec: 707.48
2020-09-17 17:57:51,591 epoch 9 - iter 5284/13217 - loss 0.00064781 - samples/sec: 724.58
2020-09-17 17:58:54,946 epoch 9 - iter 6605/13217 - loss 0.00066503 - samples/sec: 714.97
2020-09-17 17:59:59,131 epoch 9 - iter 7926/13217 - loss 0.00062696 - samples/sec: 714.57
2020-09-17 18:01:03,209 epoch 9 - iter 9247/13217 - loss 0.00062627 - samples/sec: 707.09
2020-09-17 18:02:06,753 epoch 9 - iter 10568/13217 - loss 0.00061224 - samples/sec: 720.24
2020-09-17 18:03:08,811 epoch 9 - iter 11889/13217 - loss 0.00061774 - samples/sec: 721.60
2020-09-17 18:04:10,771 epoch 9 - iter 13210/13217 - loss 0.00062220 - samples/sec: 730.80
2020-09-17 18:04:11,785 ----------------------------------------------------------------------------------------------------
2020-09-17 18:04:11,948 EPOCH 9 done: loss 0.0006 - lr 0.0500
2020-09-17 18:05:56,720 DEV : loss 0.00046400047722272575 - score 0.9998
2020-09-17 18:06:19,653 BAD EPOCHS (no improvement): 3
2020-09-17 18:06:24,785 ----------------------------------------------------------------------------------------------------
2020-09-17 18:06:59,914 epoch 10 - iter 0/13217 - loss 0.00000693 - samples/sec: 681829.65
2020-09-17 18:08:01,805 epoch 10 - iter 1321/13217 - loss 0.00036199 - samples/sec: 717.82
2020-09-17 18:09:03,560 epoch 10 - iter 2642/13217 - loss 0.00058025 - samples/sec: 737.93
2020-09-17 18:10:05,546 epoch 10 - iter 3963/13217 - loss 0.00081828 - samples/sec: 735.65
2020-09-17 18:11:07,529 epoch 10 - iter 5284/13217 - loss 0.00080180 - samples/sec: 726.78
2020-09-17 18:12:09,807 epoch 10 - iter 6605/13217 - loss 0.00087584 - samples/sec: 731.39
2020-09-17 18:13:11,888 epoch 10 - iter 7926/13217 - loss 0.00084962 - samples/sec: 732.69
2020-09-17 18:14:14,196 epoch 10 - iter 9247/13217 - loss 0.00078623 - samples/sec: 722.14
2020-09-17 18:15:17,225 epoch 10 - iter 10568/13217 - loss 0.00077308 - samples/sec: 722.68
2020-09-17 18:16:18,905 epoch 10 - iter 11889/13217 - loss 0.00074222 - samples/sec: 723.74
2020-09-17 18:17:19,675 epoch 10 - iter 13210/13217 - loss 0.00073419 - samples/sec: 751.40
2020-09-17 18:17:20,618 ----------------------------------------------------------------------------------------------------
2020-09-17 18:17:20,620 EPOCH 10 done: loss 0.0007 - lr 0.0500
2020-09-17 18:19:00,219 DEV : loss 0.00045348730054683983 - score 0.9998
2020-09-17 18:19:21,740 BAD EPOCHS (no improvement): 4
2020-09-17 18:19:25,873 ----------------------------------------------------------------------------------------------------
2020-09-17 18:19:58,631 epoch 11 - iter 0/13217 - loss 0.00002681 - samples/sec: 812967.09
2020-09-17 18:20:58,485 epoch 11 - iter 1321/13217 - loss 0.00066178 - samples/sec: 758.56
2020-09-17 18:21:58,721 epoch 11 - iter 2642/13217 - loss 0.00069827 - samples/sec: 754.66
2020-09-17 18:22:58,852 epoch 11 - iter 3963/13217 - loss 0.00064905 - samples/sec: 748.66
2020-09-17 18:23:58,641 epoch 11 - iter 5284/13217 - loss 0.00061713 - samples/sec: 743.08
2020-09-17 18:24:58,994 epoch 11 - iter 6605/13217 - loss 0.00061299 - samples/sec: 753.66
2020-09-17 18:25:58,980 epoch 11 - iter 7926/13217 - loss 0.00058855 - samples/sec: 740.87
2020-09-17 18:26:58,778 epoch 11 - iter 9247/13217 - loss 0.00058982 - samples/sec: 761.88
2020-09-17 18:27:58,999 epoch 11 - iter 10568/13217 - loss 0.00060913 - samples/sec: 757.18
2020-09-17 18:28:59,406 epoch 11 - iter 11889/13217 - loss 0.00060015 - samples/sec: 745.92
2020-09-17 18:29:59,266 epoch 11 - iter 13210/13217 - loss 0.00059535 - samples/sec: 752.76
2020-09-17 18:30:00,235 ----------------------------------------------------------------------------------------------------
2020-09-17 18:30:01,578 EPOCH 11 done: loss 0.0006 - lr 0.0250
2020-09-17 18:31:41,077 DEV : loss 0.00044427913962863386 - score 0.9998
2020-09-17 18:32:02,406 BAD EPOCHS (no improvement): 1
2020-09-17 18:32:06,602 ----------------------------------------------------------------------------------------------------
2020-09-17 18:32:39,431 epoch 12 - iter 0/13217 - loss 0.00000679 - samples/sec: 812970.82
2020-09-17 18:33:39,144 epoch 12 - iter 1321/13217 - loss 0.00055620 - samples/sec: 756.94
2020-09-17 18:34:39,042 epoch 12 - iter 2642/13217 - loss 0.00063030 - samples/sec: 755.70
2020-09-17 18:35:39,027 epoch 12 - iter 3963/13217 - loss 0.00075583 - samples/sec: 746.12
2020-09-17 18:36:39,686 epoch 12 - iter 5284/13217 - loss 0.00071614 - samples/sec: 745.98
2020-09-17 18:37:39,366 epoch 12 - iter 6605/13217 - loss 0.00069230 - samples/sec: 759.08
2020-09-17 18:38:38,953 epoch 12 - iter 7926/13217 - loss 0.00061878 - samples/sec: 750.27
2020-09-17 18:39:38,624 epoch 12 - iter 9247/13217 - loss 0.00062715 - samples/sec: 758.18
2020-09-17 18:40:39,235 epoch 12 - iter 10568/13217 - loss 0.00064604 - samples/sec: 745.70
2020-09-17 18:41:38,792 epoch 12 - iter 11889/13217 - loss 0.00064063 - samples/sec: 759.89
2020-09-17 18:42:38,415 epoch 12 - iter 13210/13217 - loss 0.00062219 - samples/sec: 750.87
2020-09-17 18:42:39,366 ----------------------------------------------------------------------------------------------------
2020-09-17 18:42:39,367 EPOCH 12 done: loss 0.0006 - lr 0.0250
2020-09-17 18:44:19,259 DEV : loss 0.000488361984025687 - score 0.9998
2020-09-17 18:44:40,711 BAD EPOCHS (no improvement): 2
2020-09-17 18:44:45,089 ----------------------------------------------------------------------------------------------------
2020-09-17 18:45:18,156 epoch 13 - iter 0/13217 - loss 0.00000286 - samples/sec: 671053.08
2020-09-17 18:46:18,358 epoch 13 - iter 1321/13217 - loss 0.00071845 - samples/sec: 749.22
2020-09-17 18:47:17,996 epoch 13 - iter 2642/13217 - loss 0.00057776 - samples/sec: 758.33
2020-09-17 18:48:17,699 epoch 13 - iter 3963/13217 - loss 0.00061696 - samples/sec: 759.01
2020-09-17 18:49:17,929 epoch 13 - iter 5284/13217 - loss 0.00066540 - samples/sec: 761.57
2020-09-17 18:50:17,534 epoch 13 - iter 6605/13217 - loss 0.00065236 - samples/sec: 759.77
2020-09-17 18:51:17,181 epoch 13 - iter 7926/13217 - loss 0.00060414 - samples/sec: 742.39
2020-09-17 18:52:17,335 epoch 13 - iter 9247/13217 - loss 0.00059723 - samples/sec: 752.87
2020-09-17 18:53:16,725 epoch 13 - iter 10568/13217 - loss 0.00060264 - samples/sec: 753.94
2020-09-17 18:54:16,183 epoch 13 - iter 11889/13217 - loss 0.00058259 - samples/sec: 761.86
2020-09-17 18:55:15,960 epoch 13 - iter 13210/13217 - loss 0.00059086 - samples/sec: 749.53
2020-09-17 18:55:17,000 ----------------------------------------------------------------------------------------------------
2020-09-17 18:55:17,001 EPOCH 13 done: loss 0.0006 - lr 0.0250
2020-09-17 18:56:55,497 DEV : loss 0.0006003173184581101 - score 0.9998
2020-09-17 18:57:17,955 BAD EPOCHS (no improvement): 3
2020-09-17 18:57:22,804 ----------------------------------------------------------------------------------------------------
2020-09-17 18:57:55,360 epoch 14 - iter 0/13217 - loss 0.00000189 - samples/sec: 768660.85
2020-09-17 18:58:54,831 epoch 14 - iter 1321/13217 - loss 0.00067411 - samples/sec: 754.52
2020-09-17 18:59:54,195 epoch 14 - iter 2642/13217 - loss 0.00057056 - samples/sec: 756.04
2020-09-17 19:00:53,966 epoch 14 - iter 3963/13217 - loss 0.00058276 - samples/sec: 759.73
2020-09-17 19:01:53,819 epoch 14 - iter 5284/13217 - loss 0.00060312 - samples/sec: 741.09
2020-09-17 19:02:53,828 epoch 14 - iter 6605/13217 - loss 0.00060565 - samples/sec: 757.60
2020-09-17 19:03:54,273 epoch 14 - iter 7926/13217 - loss 0.00065312 - samples/sec: 758.64
2020-09-17 19:04:53,758 epoch 14 - iter 9247/13217 - loss 0.00062427 - samples/sec: 762.74
2020-09-17 19:05:53,618 epoch 14 - iter 10568/13217 - loss 0.00066188 - samples/sec: 749.75
2020-09-17 19:06:53,232 epoch 14 - iter 11889/13217 - loss 0.00062903 - samples/sec: 757.20
2020-09-17 19:07:53,345 epoch 14 - iter 13210/13217 - loss 0.00062997 - samples/sec: 758.68
2020-09-17 19:07:54,298 ----------------------------------------------------------------------------------------------------
2020-09-17 19:07:54,598 EPOCH 14 done: loss 0.0006 - lr 0.0250
2020-09-17 19:09:34,243 DEV : loss 0.0005741727072745562 - score 0.9998
2020-09-17 19:09:58,117 BAD EPOCHS (no improvement): 4
2020-09-17 19:10:02,621 ----------------------------------------------------------------------------------------------------
2020-09-17 19:10:38,388 epoch 15 - iter 0/13217 - loss 0.00002065 - samples/sec: 548957.11
2020-09-17 19:11:44,101 epoch 15 - iter 1321/13217 - loss 0.00049880 - samples/sec: 669.97
2020-09-17 19:12:47,609 epoch 15 - iter 2642/13217 - loss 0.00051558 - samples/sec: 710.81
2020-09-17 19:13:49,819 epoch 15 - iter 3963/13217 - loss 0.00050111 - samples/sec: 732.15
2020-09-17 19:14:52,715 epoch 15 - iter 5284/13217 - loss 0.00050706 - samples/sec: 716.51
2020-09-17 19:15:55,525 epoch 15 - iter 6605/13217 - loss 0.00047694 - samples/sec: 718.97
2020-09-17 19:16:57,705 epoch 15 - iter 7926/13217 - loss 0.00047132 - samples/sec: 732.82
2020-09-17 19:17:47,551 ----------------------------------------------------------------------------------------------------
2020-09-17 19:17:47,553 Exiting from training early.
2020-09-17 19:17:47,554 Saving model ...
2020-09-17 19:17:51,736 Done.
2020-09-17 19:17:51,738 ----------------------------------------------------------------------------------------------------
2020-09-17 19:17:51,739 Testing using best model ...
2020-09-17 19:17:51,743 loading file models\glove.word_split_0.1_32\best-model.pt
2020-09-17 19:19:07,756 0.9998	0.9998	0.9998
2020-09-17 19:19:07,757 
MICRO_AVG: acc 0.9996 - f1-score 0.9998
MACRO_AVG: acc 0.9844 - f1-score 0.9921
benign     tp: 52513 - fp: 2 - fn: 9 - tn: 344 - precision: 1.0000 - recall: 0.9998 - accuracy: 0.9998 - f1-score: 0.9999
malignant  tp: 344 - fp: 9 - fn: 2 - tn: 52513 - precision: 0.9745 - recall: 0.9942 - accuracy: 0.9690 - f1-score: 0.9843
2020-09-17 19:19:07,758 ----------------------------------------------------------------------------------------------------
